<?xml version="1.0" encoding="UTF-8"?>
<testng-results ignored="0" total="1" passed="1" failed="0" skipped="0">
  <reporter-output>
  </reporter-output>
  <suite started-at="2024-07-01T18:20:43 IST" name="Suite" finished-at="2024-07-01T18:20:55 IST" duration-ms="12062">
    <groups>
    </groups>
    <test started-at="2024-07-01T18:20:43 IST" name="Test" finished-at="2024-07-01T18:20:55 IST" duration-ms="12062">
      <class name="fa.TestScripts.BookingMentorFlow">
        <test-method is-config="true" signature="initializeBrowser()[pri:0, instance:fa.TestScripts.BookingMentorFlow@37313c65]" started-at="2024-07-01T18:20:43 IST" name="initializeBrowser" finished-at="2024-07-01T18:20:49 IST" duration-ms="6646" status="PASS">
          <reporter-output>
          </reporter-output>
        </test-method> <!-- initializeBrowser -->
        <test-method signature="bookingFlow(java.util.HashMap)[pri:0, instance:fa.TestScripts.BookingMentorFlow@37313c65]" started-at="2024-07-01T18:20:50 IST" name="bookingFlow" data-provider="dataProvider" finished-at="2024-07-01T18:20:55 IST" duration-ms="4763" status="PASS">
          <params>
            <param index="0">
              <value>
                <![CDATA[{sessionToken=M91PHL, bookerEmail=Shudhanshukumarsharma@gmail.com}]]>
              </value>
            </param>
          </params>
          <reporter-output>
          </reporter-output>
        </test-method> <!-- bookingFlow -->
      </class> <!-- fa.TestScripts.BookingMentorFlow -->
    </test> <!-- Test -->
  </suite> <!-- Suite -->
</testng-results>
